0 info it worked if it ends with ok
1 verbose cli [ '/usr/bin/node', '/usr/bin/npm', 'run', 'json:server' ]
2 info using npm@3.5.2
3 info using node@v8.10.0
4 verbose run-script [ 'prejson:server', 'json:server', 'postjson:server' ]
5 info lifecycle test@1.0.0~prejson:server: test@1.0.0
6 silly lifecycle test@1.0.0~prejson:server: no script for prejson:server, continuing
7 info lifecycle test@1.0.0~json:server: test@1.0.0
8 verbose lifecycle test@1.0.0~json:server: unsafe-perm in lifecycle true
9 verbose lifecycle test@1.0.0~json:server: PATH: /usr/share/npm/bin/node-gyp-bin:/home/etech/Desktop/Ajax1/node_modules/.bin:/usr/local/sbin:/usr/local/bin:/usr/sbin:/usr/bin:/sbin:/bin:/usr/games:/usr/local/games:/snap/bin
10 verbose lifecycle test@1.0.0~json:server: CWD: /home/etech/Desktop/Ajax1
11 silly lifecycle test@1.0.0~json:server: Args: [ '-c', 'json-server --watch db.json' ]
12 info lifecycle test@1.0.0~json:server: Failed to exec json:server script
13 verbose stack Error: test@1.0.0 json:server: `json-server --watch db.json`
13 verbose stack spawn ENOENT
13 verbose stack     at ChildProcess.<anonymous> (/usr/share/npm/lib/utils/spawn.js:17:16)
13 verbose stack     at emitTwo (events.js:126:13)
13 verbose stack     at ChildProcess.emit (events.js:214:7)
13 verbose stack     at maybeClose (internal/child_process.js:925:16)
13 verbose stack     at Process.ChildProcess._handle.onexit (internal/child_process.js:209:5)
14 verbose pkgid test@1.0.0
15 verbose cwd /home/etech/Desktop/Ajax1
16 error Linux 4.15.0-76-generic
17 error argv "/usr/bin/node" "/usr/bin/npm" "run" "json:server"
18 error node v8.10.0
19 error npm  v3.5.2
20 error file sh
21 error code ELIFECYCLE
22 error errno ENOENT
23 error syscall spawn
24 error test@1.0.0 json:server: `json-server --watch db.json`
24 error spawn ENOENT
25 error Failed at the test@1.0.0 json:server script 'json-server --watch db.json'.
25 error Make sure you have the latest version of node.js and npm installed.
25 error If you do, this is most likely a problem with the test package,
25 error not with npm itself.
25 error Tell the author that this fails on your system:
25 error     json-server --watch db.json
25 error You can get information on how to open an issue for this project with:
25 error     npm bugs test
25 error Or if that isn't available, you can get their info via:
25 error     npm owner ls test
25 error There is likely additional logging output above.
26 verbose exit [ 1, true ]
